<?xml version="1.0" encoding="UTF-8"?>
<testng-results skipped="0" failed="0" ignored="0" total="1" passed="1">
  <reporter-output>
  </reporter-output>
  <suite name="Default suite" duration-ms="69054" started-at="2019-04-11T15:57:53Z" finished-at="2019-04-11T15:59:02Z">
    <groups>
      <group name="cucumber">
        <method signature="AbstractTestNGCucumberTests.feature(cucumber.api.testng.CucumberFeatureWrapper)[pri:0, instance:TestRunner.TestRunner@a74868d]" name="feature" class="cucumber.api.testng.AbstractTestNGCucumberTests"/>
      </group> <!-- cucumber -->
    </groups>
    <test name="Default test" duration-ms="69054" started-at="2019-04-11T15:57:53Z" finished-at="2019-04-11T15:59:02Z">
      <class name="TestRunner.TestRunner">
        <test-method status="PASS" signature="setup()[pri:0, instance:TestRunner.TestRunner@a74868d]" name="setup" is-config="true" duration-ms="143" started-at="2019-04-11T15:57:53Z" finished-at="2019-04-11T15:57:53Z">
          <reporter-output>
          </reporter-output>
        </test-method> <!-- setup -->
        <test-method status="PASS" signature="setUpClass()[pri:0, instance:TestRunner.TestRunner@a74868d]" name="setUpClass" is-config="true" duration-ms="171" started-at="2019-04-11T15:57:53Z" finished-at="2019-04-11T15:57:53Z">
          <reporter-output>
          </reporter-output>
        </test-method> <!-- setUpClass -->
        <test-method status="PASS" signature="register(java.lang.reflect.Method)[pri:0, instance:TestRunner.TestRunner@a74868d]" name="register" is-config="true" duration-ms="5" started-at="2019-04-11T15:57:53Z" finished-at="2019-04-11T15:57:53Z">
          <params>
            <param index="0">
              <value>
                <![CDATA[public void cucumber.api.testng.AbstractTestNGCucumberTests.feature(cucumber.api.testng.CucumberFeatureWrapper)]]>
              </value>
            </param>
          </params>
          <reporter-output>
          </reporter-output>
        </test-method> <!-- register -->
        <test-method status="PASS" signature="feature(cucumber.api.testng.CucumberFeatureWrapper)[pri:0, instance:TestRunner.TestRunner@a74868d]" name="feature" duration-ms="68182" started-at="2019-04-11T15:57:53Z" description="Runs Cucumber Feature" data-provider="features" finished-at="2019-04-11T15:59:01Z">
          <params>
            <param index="0">
              <value>
                <![CDATA[Login to Website and navigate]]>
              </value>
            </param>
          </params>
          <reporter-output>
          </reporter-output>
        </test-method> <!-- feature -->
        <test-method status="PASS" signature="captureStatus(org.testng.ITestResult)[pri:0, instance:TestRunner.TestRunner@a74868d]" name="captureStatus" is-config="true" duration-ms="14" started-at="2019-04-11T15:59:01Z" finished-at="2019-04-11T15:59:01Z">
          <params>
            <param index="0">
              <value>
                <![CDATA[[TestResult name=feature status=SUCCESS method=AbstractTestNGCucumberTests.feature(cucumber.api.testng.CucumberFeatureWrapper)[pri:0, instance:TestRunner.TestRunner@a74868d] output={null}]]]>
              </value>
            </param>
          </params>
          <reporter-output>
          </reporter-output>
        </test-method> <!-- captureStatus -->
        <test-method status="PASS" signature="tearDownClass()[pri:0, instance:TestRunner.TestRunner@a74868d]" name="tearDownClass" is-config="true" duration-ms="57" started-at="2019-04-11T15:59:01Z" finished-at="2019-04-11T15:59:01Z">
          <reporter-output>
          </reporter-output>
        </test-method> <!-- tearDownClass -->
        <test-method status="PASS" signature="cleanup()[pri:0, instance:TestRunner.TestRunner@a74868d]" name="cleanup" is-config="true" duration-ms="390" started-at="2019-04-11T15:59:01Z" finished-at="2019-04-11T15:59:02Z">
          <reporter-output>
          </reporter-output>
        </test-method> <!-- cleanup -->
      </class> <!-- TestRunner.TestRunner -->
    </test> <!-- Default test -->
  </suite> <!-- Default suite -->
</testng-results>
